{"/home/user/Desktop/Work/home-work-cursor/src/App.tsx": {"path":"/home/user/Desktop/Work/home-work-cursor/src/App.tsx","all":true,"statementMap":{"1":{"start":{"line":2,"column":0},"end":{"line":2,"column":47}},"3":{"start":{"line":4,"column":0},"end":{"line":4,"column":16}},"5":{"start":{"line":6,"column":0},"end":{"line":6,"column":24}},"6":{"start":{"line":7,"column":0},"end":{"line":7,"column":1}},"8":{"start":{"line":9,"column":0},"end":{"line":9,"column":18}}},"s":{"1":0,"3":0,"5":0,"6":0,"8":0},"branchMap":{"0":{"type":"branch","line":1,"loc":{"start":{"line":1,"column":114},"end":{"line":9,"column":18}},"locations":[{"start":{"line":1,"column":114},"end":{"line":9,"column":18}}]}},"b":{"0":[1]},"fnMap":{"0":{"name":"(empty-report)","decl":{"start":{"line":1,"column":114},"end":{"line":9,"column":18}},"loc":{"start":{"line":1,"column":114},"end":{"line":9,"column":18}},"line":1}},"f":{"0":1}}
,"/home/user/Desktop/Work/home-work-cursor/src/main.tsx": {"path":"/home/user/Desktop/Work/home-work-cursor/src/main.tsx","all":true,"statementMap":{"0":{"start":{"line":1,"column":0},"end":{"line":1,"column":34}},"1":{"start":{"line":2,"column":0},"end":{"line":2,"column":45}},"2":{"start":{"line":3,"column":0},"end":{"line":3,"column":27}},"4":{"start":{"line":5,"column":0},"end":{"line":5,"column":52}},"5":{"start":{"line":6,"column":0},"end":{"line":6,"column":14}},"6":{"start":{"line":7,"column":0},"end":{"line":7,"column":11}},"7":{"start":{"line":8,"column":0},"end":{"line":8,"column":16}},"8":{"start":{"line":9,"column":0},"end":{"line":9,"column":1}}},"s":{"0":0,"1":0,"2":0,"4":0,"5":0,"6":0,"7":0,"8":0},"branchMap":{"0":{"type":"branch","line":1,"loc":{"start":{"line":1,"column":182},"end":{"line":9,"column":-173}},"locations":[{"start":{"line":1,"column":182},"end":{"line":9,"column":-173}}]}},"b":{"0":[0]},"fnMap":{"0":{"name":"(empty-report)","decl":{"start":{"line":1,"column":182},"end":{"line":9,"column":-173}},"loc":{"start":{"line":1,"column":182},"end":{"line":9,"column":-173}},"line":1}},"f":{"0":0}}
,"/home/user/Desktop/Work/home-work-cursor/src/components/Spinner.tsx": {"path":"/home/user/Desktop/Work/home-work-cursor/src/components/Spinner.tsx","all":false,"statementMap":{"0":{"start":{"line":1,"column":0},"end":{"line":1,"column":50}},"2":{"start":{"line":3,"column":0},"end":{"line":3,"column":23}},"3":{"start":{"line":4,"column":0},"end":{"line":4,"column":41}},"4":{"start":{"line":5,"column":0},"end":{"line":5,"column":90}},"5":{"start":{"line":6,"column":0},"end":{"line":6,"column":142}},"7":{"start":{"line":8,"column":0},"end":{"line":8,"column":13}},"8":{"start":{"line":9,"column":0},"end":{"line":9,"column":10}},"9":{"start":{"line":10,"column":0},"end":{"line":10,"column":8}},"12":{"start":{"line":13,"column":0},"end":{"line":13,"column":23}}},"s":{"0":1,"2":1,"3":6,"4":6,"5":6,"7":6,"8":6,"9":6,"12":1},"branchMap":{"0":{"type":"branch","line":3,"loc":{"start":{"line":3,"column":16},"end":{"line":10,"column":8}},"locations":[{"start":{"line":3,"column":16},"end":{"line":10,"column":8}}]}},"b":{"0":[6]},"fnMap":{"0":{"name":"Spinner","decl":{"start":{"line":3,"column":16},"end":{"line":10,"column":8}},"loc":{"start":{"line":3,"column":16},"end":{"line":10,"column":8}},"line":3}},"f":{"0":6}}
,"/home/user/Desktop/Work/home-work-cursor/src/components/UserModal.tsx": {"path":"/home/user/Desktop/Work/home-work-cursor/src/components/UserModal.tsx","all":false,"statementMap":{"1":{"start":{"line":2,"column":0},"end":{"line":2,"column":52}},"8":{"start":{"line":9,"column":0},"end":{"line":9,"column":49}},"9":{"start":{"line":10,"column":0},"end":{"line":10,"column":10}},"10":{"start":{"line":11,"column":0},"end":{"line":11,"column":36}},"11":{"start":{"line":12,"column":0},"end":{"line":12,"column":36}},"12":{"start":{"line":13,"column":0},"end":{"line":13,"column":69}},"13":{"start":{"line":14,"column":0},"end":{"line":14,"column":28}},"14":{"start":{"line":15,"column":0},"end":{"line":15,"column":34}},"15":{"start":{"line":16,"column":0},"end":{"line":16,"column":40}},"16":{"start":{"line":17,"column":0},"end":{"line":17,"column":34}},"17":{"start":{"line":18,"column":0},"end":{"line":18,"column":78}},"18":{"start":{"line":19,"column":0},"end":{"line":19,"column":66}},"19":{"start":{"line":20,"column":0},"end":{"line":20,"column":134}},"20":{"start":{"line":21,"column":0},"end":{"line":21,"column":43}},"21":{"start":{"line":22,"column":0},"end":{"line":22,"column":12}},"22":{"start":{"line":23,"column":0},"end":{"line":23,"column":10}},"24":{"start":{"line":25,"column":0},"end":{"line":25,"column":2}},"26":{"start":{"line":27,"column":0},"end":{"line":27,"column":25}}},"s":{"1":1,"8":1,"9":2,"10":2,"11":2,"12":2,"13":2,"14":2,"15":2,"16":2,"17":2,"18":2,"19":2,"20":2,"21":2,"22":2,"24":2,"26":1},"branchMap":{"0":{"type":"branch","line":9,"loc":{"start":{"line":9,"column":18},"end":{"line":25,"column":2}},"locations":[{"start":{"line":9,"column":18},"end":{"line":25,"column":2}}]}},"b":{"0":[2]},"fnMap":{"0":{"name":"UserModal","decl":{"start":{"line":9,"column":18},"end":{"line":25,"column":2}},"loc":{"start":{"line":9,"column":18},"end":{"line":25,"column":2}},"line":9}},"f":{"0":2}}
,"/home/user/Desktop/Work/home-work-cursor/src/components/UserRow.tsx": {"path":"/home/user/Desktop/Work/home-work-cursor/src/components/UserRow.tsx","all":false,"statementMap":{"8":{"start":{"line":9,"column":0},"end":{"line":9,"column":65}},"9":{"start":{"line":10,"column":0},"end":{"line":10,"column":10}},"10":{"start":{"line":11,"column":0},"end":{"line":11,"column":39}},"11":{"start":{"line":12,"column":0},"end":{"line":12,"column":61}},"12":{"start":{"line":13,"column":0},"end":{"line":13,"column":63}},"13":{"start":{"line":14,"column":0},"end":{"line":14,"column":27}},"14":{"start":{"line":15,"column":0},"end":{"line":15,"column":29}},"15":{"start":{"line":16,"column":0},"end":{"line":16,"column":34}},"16":{"start":{"line":17,"column":0},"end":{"line":17,"column":10}},"17":{"start":{"line":18,"column":0},"end":{"line":18,"column":62}},"18":{"start":{"line":19,"column":0},"end":{"line":19,"column":11}},"19":{"start":{"line":20,"column":0},"end":{"line":20,"column":9}},"21":{"start":{"line":22,"column":0},"end":{"line":22,"column":2}},"23":{"start":{"line":24,"column":0},"end":{"line":24,"column":23}}},"s":{"8":1,"9":6,"10":6,"11":6,"12":6,"13":6,"14":6,"15":6,"16":6,"17":6,"18":6,"19":6,"21":6,"23":1},"branchMap":{"0":{"type":"branch","line":9,"loc":{"start":{"line":9,"column":16},"end":{"line":22,"column":2}},"locations":[{"start":{"line":9,"column":16},"end":{"line":22,"column":2}}]},"1":{"type":"branch","line":11,"loc":{"start":{"line":11,"column":17},"end":{"line":11,"column":39}},"locations":[{"start":{"line":11,"column":17},"end":{"line":11,"column":39}}]},"2":{"type":"branch","line":18,"loc":{"start":{"line":18,"column":25},"end":{"line":18,"column":52}},"locations":[{"start":{"line":18,"column":25},"end":{"line":18,"column":52}}]}},"b":{"0":[6],"1":[3],"2":[2]},"fnMap":{"0":{"name":"UserRow","decl":{"start":{"line":9,"column":16},"end":{"line":22,"column":2}},"loc":{"start":{"line":9,"column":16},"end":{"line":22,"column":2}},"line":9},"1":{"name":"onClick","decl":{"start":{"line":11,"column":17},"end":{"line":11,"column":39}},"loc":{"start":{"line":11,"column":17},"end":{"line":11,"column":39}},"line":11},"2":{"name":"onClick","decl":{"start":{"line":18,"column":25},"end":{"line":18,"column":52}},"loc":{"start":{"line":18,"column":25},"end":{"line":18,"column":52}},"line":18}},"f":{"0":6,"1":3,"2":2}}
,"/home/user/Desktop/Work/home-work-cursor/src/components/UserTable.tsx": {"path":"/home/user/Desktop/Work/home-work-cursor/src/components/UserTable.tsx","all":false,"statementMap":{"0":{"start":{"line":1,"column":0},"end":{"line":1,"column":44}},"2":{"start":{"line":3,"column":0},"end":{"line":3,"column":42}},"3":{"start":{"line":4,"column":0},"end":{"line":4,"column":52}},"4":{"start":{"line":5,"column":0},"end":{"line":5,"column":36}},"5":{"start":{"line":6,"column":0},"end":{"line":6,"column":32}},"6":{"start":{"line":7,"column":0},"end":{"line":7,"column":32}},"8":{"start":{"line":9,"column":0},"end":{"line":9,"column":25}},"9":{"start":{"line":10,"column":0},"end":{"line":10,"column":49}},"10":{"start":{"line":11,"column":0},"end":{"line":11,"column":70}},"11":{"start":{"line":12,"column":0},"end":{"line":12,"column":47}},"13":{"start":{"line":14,"column":0},"end":{"line":14,"column":19}},"14":{"start":{"line":15,"column":0},"end":{"line":15,"column":31}},"15":{"start":{"line":16,"column":0},"end":{"line":16,"column":21}},"16":{"start":{"line":17,"column":0},"end":{"line":17,"column":24}},"17":{"start":{"line":18,"column":0},"end":{"line":18,"column":7}},"18":{"start":{"line":19,"column":0},"end":{"line":19,"column":9}},"20":{"start":{"line":21,"column":0},"end":{"line":21,"column":38}},"21":{"start":{"line":22,"column":0},"end":{"line":22,"column":52}},"22":{"start":{"line":23,"column":0},"end":{"line":23,"column":4}},"24":{"start":{"line":25,"column":0},"end":{"line":25,"column":16}},"25":{"start":{"line":26,"column":0},"end":{"line":26,"column":23}},"26":{"start":{"line":27,"column":0},"end":{"line":27,"column":3}},"28":{"start":{"line":29,"column":0},"end":{"line":29,"column":10}},"29":{"start":{"line":30,"column":0},"end":{"line":30,"column":38}},"30":{"start":{"line":31,"column":0},"end":{"line":31,"column":45}},"31":{"start":{"line":32,"column":0},"end":{"line":32,"column":38}},"32":{"start":{"line":33,"column":0},"end":{"line":33,"column":15}},"33":{"start":{"line":34,"column":0},"end":{"line":34,"column":14}},"34":{"start":{"line":35,"column":0},"end":{"line":35,"column":33}},"35":{"start":{"line":36,"column":0},"end":{"line":36,"column":28}},"36":{"start":{"line":37,"column":0},"end":{"line":37,"column":26}},"37":{"start":{"line":38,"column":0},"end":{"line":38,"column":28}},"38":{"start":{"line":39,"column":0},"end":{"line":39,"column":28}},"39":{"start":{"line":40,"column":0},"end":{"line":40,"column":27}},"40":{"start":{"line":41,"column":0},"end":{"line":41,"column":15}},"41":{"start":{"line":42,"column":0},"end":{"line":42,"column":16}},"42":{"start":{"line":43,"column":0},"end":{"line":43,"column":15}},"43":{"start":{"line":44,"column":0},"end":{"line":44,"column":30}},"44":{"start":{"line":45,"column":0},"end":{"line":45,"column":20}},"45":{"start":{"line":46,"column":0},"end":{"line":46,"column":27}},"46":{"start":{"line":47,"column":0},"end":{"line":47,"column":25}},"47":{"start":{"line":48,"column":0},"end":{"line":48,"column":40}},"48":{"start":{"line":49,"column":0},"end":{"line":49,"column":76}},"49":{"start":{"line":50,"column":0},"end":{"line":50,"column":14}},"50":{"start":{"line":51,"column":0},"end":{"line":51,"column":13}},"51":{"start":{"line":52,"column":0},"end":{"line":52,"column":16}},"52":{"start":{"line":53,"column":0},"end":{"line":53,"column":14}},"54":{"start":{"line":55,"column":0},"end":{"line":55,"column":24}},"55":{"start":{"line":56,"column":0},"end":{"line":56,"column":79}},"57":{"start":{"line":58,"column":0},"end":{"line":58,"column":10}},"59":{"start":{"line":60,"column":0},"end":{"line":60,"column":2}},"61":{"start":{"line":62,"column":0},"end":{"line":62,"column":25}}},"s":{"0":1,"2":1,"3":1,"4":1,"5":1,"6":1,"8":1,"9":11,"10":11,"11":11,"13":11,"14":4,"15":4,"16":4,"17":4,"18":11,"20":11,"21":1,"22":1,"24":11,"25":4,"26":4,"28":7,"29":7,"30":7,"31":7,"32":7,"33":7,"34":7,"35":7,"36":7,"37":7,"38":7,"39":7,"40":7,"41":7,"42":7,"43":7,"44":5,"45":5,"46":5,"47":5,"48":5,"49":5,"50":7,"51":7,"52":7,"54":7,"55":1,"57":11,"59":11,"61":1},"branchMap":{"0":{"type":"branch","line":9,"loc":{"start":{"line":9,"column":18},"end":{"line":60,"column":2}},"locations":[{"start":{"line":9,"column":18},"end":{"line":60,"column":2}}]},"1":{"type":"branch","line":25,"loc":{"start":{"line":25,"column":15},"end":{"line":27,"column":3}},"locations":[{"start":{"line":25,"column":15},"end":{"line":27,"column":3}}]},"2":{"type":"branch","line":27,"loc":{"start":{"line":27,"column":2},"end":{"line":55,"column":24}},"locations":[{"start":{"line":27,"column":2},"end":{"line":55,"column":24}}]},"3":{"type":"branch","line":55,"loc":{"start":{"line":55,"column":7},"end":{"line":56,"column":79}},"locations":[{"start":{"line":55,"column":7},"end":{"line":56,"column":79}}]},"4":{"type":"branch","line":14,"loc":{"start":{"line":14,"column":12},"end":{"line":19,"column":5}},"locations":[{"start":{"line":14,"column":12},"end":{"line":19,"column":5}}]},"5":{"type":"branch","line":15,"loc":{"start":{"line":15,"column":22},"end":{"line":18,"column":5}},"locations":[{"start":{"line":15,"column":22},"end":{"line":18,"column":5}}]},"6":{"type":"branch","line":21,"loc":{"start":{"line":21,"column":21},"end":{"line":23,"column":4}},"locations":[{"start":{"line":21,"column":21},"end":{"line":23,"column":4}}]},"7":{"type":"branch","line":22,"loc":{"start":{"line":22,"column":13},"end":{"line":22,"column":50}},"locations":[{"start":{"line":22,"column":13},"end":{"line":22,"column":50}}]},"8":{"type":"branch","line":22,"loc":{"start":{"line":22,"column":33},"end":{"line":22,"column":49}},"locations":[{"start":{"line":22,"column":33},"end":{"line":22,"column":49}}]},"9":{"type":"branch","line":44,"loc":{"start":{"line":44,"column":21},"end":{"line":50,"column":14}},"locations":[{"start":{"line":44,"column":21},"end":{"line":50,"column":14}}]},"10":{"type":"branch","line":49,"loc":{"start":{"line":49,"column":24},"end":{"line":49,"column":76}},"locations":[{"start":{"line":49,"column":24},"end":{"line":49,"column":76}}]},"11":{"type":"branch","line":56,"loc":{"start":{"line":56,"column":48},"end":{"line":56,"column":77}},"locations":[{"start":{"line":56,"column":48},"end":{"line":56,"column":77}}]}},"b":{"0":[11],"1":[4],"2":[7],"3":[1],"4":[4],"5":[4],"6":[1],"7":[1],"8":[1],"9":[5],"10":[1],"11":[1]},"fnMap":{"0":{"name":"UserTable","decl":{"start":{"line":9,"column":18},"end":{"line":60,"column":2}},"loc":{"start":{"line":9,"column":18},"end":{"line":60,"column":2}},"line":9},"1":{"name":"deleteUser","decl":{"start":{"line":21,"column":21},"end":{"line":23,"column":4}},"loc":{"start":{"line":21,"column":21},"end":{"line":23,"column":4}},"line":21},"2":{"name":"onDelete","decl":{"start":{"line":49,"column":24},"end":{"line":49,"column":76}},"loc":{"start":{"line":49,"column":24},"end":{"line":49,"column":76}},"line":49},"3":{"name":"onClose","decl":{"start":{"line":56,"column":48},"end":{"line":56,"column":77}},"loc":{"start":{"line":56,"column":48},"end":{"line":56,"column":77}},"line":56}},"f":{"0":11,"1":1,"2":1,"3":1}}
,"/home/user/Desktop/Work/home-work-cursor/src/types/user.ts": {"path":"/home/user/Desktop/Work/home-work-cursor/src/types/user.ts","all":true,"statementMap":{},"s":{},"branchMap":{"0":{"type":"branch","line":1,"loc":{"start":{"line":1,"column":419},"end":{"line":29,"column":1}},"locations":[{"start":{"line":1,"column":419},"end":{"line":29,"column":1}}]}},"b":{"0":[1]},"fnMap":{"0":{"name":"(empty-report)","decl":{"start":{"line":1,"column":419},"end":{"line":29,"column":1}},"loc":{"start":{"line":1,"column":419},"end":{"line":29,"column":1}},"line":1}},"f":{"0":1}}
,"/home/user/Desktop/Work/home-work-cursor/src/utils/api.ts": {"path":"/home/user/Desktop/Work/home-work-cursor/src/utils/api.ts","all":false,"statementMap":{"0":{"start":{"line":1,"column":0},"end":{"line":1,"column":26}},"3":{"start":{"line":4,"column":0},"end":{"line":4,"column":56}},"4":{"start":{"line":5,"column":0},"end":{"line":5,"column":84}},"5":{"start":{"line":6,"column":0},"end":{"line":6,"column":18}},"6":{"start":{"line":7,"column":0},"end":{"line":7,"column":2}}},"s":{"0":1,"3":1,"4":1,"5":1,"6":1},"branchMap":{"0":{"type":"branch","line":4,"loc":{"start":{"line":4,"column":26},"end":{"line":7,"column":2}},"locations":[{"start":{"line":4,"column":26},"end":{"line":7,"column":2}}]}},"b":{"0":[1]},"fnMap":{"0":{"name":"fetchUsers","decl":{"start":{"line":4,"column":26},"end":{"line":7,"column":2}},"loc":{"start":{"line":4,"column":26},"end":{"line":7,"column":2}},"line":4}},"f":{"0":1}}
}
